<?xml version="1.0" encoding="UTF-8"?>
<!-- Generated by org.testng.reporters.JUnitReportReporter -->
<testsuite hostname="DESKTOP-KCBRL0P" failures="0" tests="1" name="com.daaz.testscripts.BROKER_SINGLE_SELLER" time="38.799" errors="0" timestamp="5 Mar 2024 12:01:40 GMT">
  <testcase classname="com.daaz.testscripts.BROKER_SINGLE_SELLER" name="Broker_seller" time="38.799"/>
</testsuite> <!-- com.daaz.testscripts.BROKER_SINGLE_SELLER -->
