<?xml version="1.0" encoding="UTF-8"?>
<!-- Generated by org.testng.reporters.JUnitReportReporter -->
<testsuite hostname="DESKTOP-KCBRL0P" failures="0" tests="1" name="com.daaz.New_Features.Feature_Request" time="83.624" errors="0" timestamp="2 Jul 2024 10:24:51 GMT">
  <testcase classname="com.daaz.New_Features.Feature_Request" name="Feature_Request1" time="83.624"/>
</testsuite> <!-- com.daaz.New_Features.Feature_Request -->
