<?xml version="1.0" encoding="UTF-8"?>
<!-- Generated by org.testng.reporters.JUnitReportReporter -->
<testsuite hostname="DESKTOP-KCBRL0P" failures="0" tests="1" name="com.daaz.testscripts.Daaz_secure_50" time="41.724" errors="0" timestamp="6 May 2024 07:09:59 GMT">
  <testcase classname="com.daaz.testscripts.Daaz_secure_50" name="single50_50" time="41.724"/>
</testsuite> <!-- com.daaz.testscripts.Daaz_secure_50 -->
