<?xml version="1.0" encoding="UTF-8"?>
<!-- Generated by org.testng.reporters.JUnitReportReporter -->
<testsuite hostname="DESKTOP-KCBRL0P" failures="0" tests="1" name="com.daaz.testscripts.Lander_Pafe" time="8.984" errors="0" timestamp="29 Apr 2024 11:46:28 GMT">
  <testcase classname="com.daaz.testscripts.Lander_Pafe" name="Lander_Page" time="8.984"/>
</testsuite> <!-- com.daaz.testscripts.Lander_Pafe -->
