<?xml version="1.0" encoding="UTF-8"?>
<!-- Generated by org.testng.reporters.JUnitReportReporter -->
<testsuite hostname="DESKTOP-KCBRL0P" failures="0" tests="1" name="New_Features.Feature_Request" time="76.705" errors="0" timestamp="3 Jun 2024 11:55:11 GMT">
  <testcase classname="New_Features.Feature_Request" name="Feature_Request" time="76.705"/>
</testsuite> <!-- New_Features.Feature_Request -->
