<?xml version="1.0" encoding="UTF-8"?>
<!-- Generated by org.testng.reporters.JUnitReportReporter -->
<testsuite hostname="DESKTOP-KCBRL0P" failures="0" tests="1" name="com.daaz.testscripts.BROKER_SINGLE50_50" time="48.856" errors="0" timestamp="3 Apr 2024 10:59:42 GMT">
  <testcase classname="com.daaz.testscripts.BROKER_SINGLE50_50" name="BROKER_SINGLE_50_50" time="48.856"/>
</testsuite> <!-- com.daaz.testscripts.BROKER_SINGLE50_50 -->
