<?xml version="1.0" encoding="UTF-8"?>
<!-- Generated by org.testng.reporters.JUnitReportReporter -->
<testsuite hostname="DESKTOP-KCBRL0P" failures="0" tests="1" name="com.daaz.New_Features.Feature_Request" time="85.594" errors="0" timestamp="7 Aug 2024 06:18:54 GMT">
  <testcase classname="com.daaz.New_Features.Feature_Request" name="Feature_Request1" time="85.594"/>
</testsuite> <!-- com.daaz.New_Features.Feature_Request -->
