<?xml version="1.0" encoding="UTF-8"?>
<!-- Generated by org.testng.reporters.JUnitReportReporter -->
<testsuite hostname="DESKTOP-KCBRL0P" failures="0" tests="1" name="com.daaz.testscripts.DaaZ_bulk_50_50" time="38.365" errors="0" timestamp="1 May 2024 05:33:32 GMT">
  <testcase classname="com.daaz.testscripts.DaaZ_bulk_50_50" name="daazsecure_BULK_50_50" time="38.365"/>
</testsuite> <!-- com.daaz.testscripts.DaaZ_bulk_50_50 -->
