<?xml version="1.0" encoding="UTF-8"?>
<!-- Generated by org.testng.reporters.JUnitReportReporter -->
<testsuite hostname="DESKTOP-KCBRL0P" failures="0" tests="1" name="com.daaz.testscripts.DaaZ_Secure_BUYER" time="44.793" errors="0" timestamp="22 May 2024 10:13:45 GMT">
  <testcase classname="com.daaz.testscripts.DaaZ_Secure_BUYER" name="single_BUYER" time="44.793"/>
</testsuite> <!-- com.daaz.testscripts.DaaZ_Secure_BUYER -->
