<?xml version="1.0" encoding="UTF-8"?>
<!-- Generated by org.testng.reporters.JUnitReportReporter -->
<testsuite hostname="DESKTOP-KCBRL0P" failures="0" tests="1" name="com.daaz.makeanoffer.Negative_scenario" time="179.730" errors="0" timestamp="9 Feb 2024 11:44:40 GMT">
  <testcase classname="com.daaz.makeanoffer.Negative_scenario" name="login_buyer" time="179.730"/>
</testsuite> <!-- com.daaz.makeanoffer.Negative_scenario -->
