<?xml version="1.0" encoding="UTF-8"?>
<!-- Generated by org.testng.reporters.JUnitReportReporter -->
<testsuite hostname="DESKTOP-KCBRL0P" failures="0" tests="1" name="com.daaz.testscripts.UAT_DaaZ_Secure_Single_50" time="45.578" errors="0" timestamp="27 Jan 2024 12:29:02 GMT">
  <testcase classname="com.daaz.testscripts.UAT_DaaZ_Secure_Single_50" name="single50_50" time="45.578"/>
</testsuite> <!-- com.daaz.testscripts.UAT_DaaZ_Secure_Single_50 -->
