<?xml version="1.0" encoding="UTF-8"?>
<!-- Generated by org.testng.reporters.JUnitReportReporter -->
<testsuite hostname="DESKTOP-KCBRL0P" failures="0" tests="1" name="Regression_Testing_DEV.B4_Feature_Request" time="82.900" errors="0" timestamp="8 Aug 2024 12:42:15 GMT">
  <testcase classname="Regression_Testing_DEV.B4_Feature_Request" name="Feature_Request1" time="82.900"/>
</testsuite> <!-- Regression_Testing_DEV.B4_Feature_Request -->
