<?xml version="1.0" encoding="UTF-8"?>
<!-- Generated by org.testng.reporters.JUnitReportReporter -->
<testsuite hostname="DESKTOP-KCBRL0P" failures="0" tests="1" name="com.daaz.testscripts.TC001" time="8.443" errors="0" timestamp="7 May 2024 05:12:50 GMT">
  <testcase classname="com.daaz.testscripts.TC001" name="Redirect" time="8.443"/>
</testsuite> <!-- com.daaz.testscripts.TC001 -->
