<?xml version="1.0" encoding="UTF-8"?>
<!-- Generated by org.testng.reporters.JUnitReportReporter -->
<testsuite hostname="DESKTOP-KCBRL0P" failures="0" tests="1" name="com.daaz.makeanoffer.Revoke_make_an_offer" time="133.841" errors="0" timestamp="10 Feb 2024 05:10:16 GMT">
  <testcase classname="com.daaz.makeanoffer.Revoke_make_an_offer" name="login_buyer" time="133.841"/>
</testsuite> <!-- com.daaz.makeanoffer.Revoke_make_an_offer -->
