<?xml version="1.0" encoding="UTF-8"?>
<!-- Generated by org.testng.reporters.JUnitReportReporter -->
<testsuite hostname="DESKTOP-KCBRL0P" failures="0" tests="1" name="com.daaz.testscripts.UAT_DaaZ_Secure_Single_Buyer" time="47.706" errors="0" timestamp="27 Jan 2024 12:10:40 GMT">
  <testcase classname="com.daaz.testscripts.UAT_DaaZ_Secure_Single_Buyer" name="single50_50" time="47.706"/>
</testsuite> <!-- com.daaz.testscripts.UAT_DaaZ_Secure_Single_Buyer -->
