<?xml version="1.0" encoding="UTF-8"?>
<!-- Generated by org.testng.reporters.JUnitReportReporter -->
<testsuite hostname="DESKTOP-KCBRL0P" failures="0" tests="1" name="com.daaz.testscripts.DaaZ_bulk_BUYER" time="41.099" errors="0" timestamp="1 May 2024 05:55:57 GMT">
  <testcase classname="com.daaz.testscripts.DaaZ_bulk_BUYER" name="daazsecure_BULK_BUYER" time="41.099"/>
</testsuite> <!-- com.daaz.testscripts.DaaZ_bulk_BUYER -->
