<?xml version="1.0" encoding="UTF-8"?>
<!-- Generated by org.testng.reporters.JUnitReportReporter -->
<testsuite hostname="DESKTOP-KCBRL0P" failures="0" tests="1" name="Regression_Testing_DEV.B5_Feature_Request_Reject" time="80.972" errors="0" timestamp="8 Aug 2024 12:33:31 GMT">
  <testcase classname="Regression_Testing_DEV.B5_Feature_Request_Reject" name="Feature_Request_Reject" time="80.972"/>
</testsuite> <!-- Regression_Testing_DEV.B5_Feature_Request_Reject -->
