<?xml version="1.0" encoding="UTF-8"?>
<!-- Generated by org.testng.reporters.JUnitReportReporter -->
<testsuite hostname="DESKTOP-KCBRL0P" failures="0" tests="1" name="com.daaz.New_Features.Feature_Request_Rejected" time="77.168" errors="0" timestamp="27 Jun 2024 09:12:16 GMT">
  <testcase classname="com.daaz.New_Features.Feature_Request_Rejected" name="Feature_Request_Reject" time="77.168"/>
</testsuite> <!-- com.daaz.New_Features.Feature_Request_Rejected -->
