<?xml version="1.0" encoding="UTF-8"?>
<!-- Generated by org.testng.reporters.JUnitReportReporter -->
<testsuite hostname="DESKTOP-KCBRL0P" failures="0" tests="1" name="com.daaz.testscripts.UAT_DaaZ_Secure_Single_Seller" time="65.654" errors="0" timestamp="27 Jan 2024 12:12:50 GMT">
  <testcase classname="com.daaz.testscripts.UAT_DaaZ_Secure_Single_Seller" name="single50_50" time="65.654"/>
</testsuite> <!-- com.daaz.testscripts.UAT_DaaZ_Secure_Single_Seller -->
