<?xml version="1.0" encoding="UTF-8"?>
<!-- Generated by org.testng.reporters.JUnitReportReporter -->
<testsuite hostname="DESKTOP-KCBRL0P" failures="0" tests="1" name="com.daaz.testscripts.DaaZ_bulk_SELLER" time="44.545" errors="0" timestamp="1 May 2024 06:50:40 GMT">
  <testcase classname="com.daaz.testscripts.DaaZ_bulk_SELLER" name="daazsecure_BULK_SELLER" time="44.545"/>
</testsuite> <!-- com.daaz.testscripts.DaaZ_bulk_SELLER -->
