<?xml version="1.0" encoding="UTF-8"?>
<!-- Generated by org.testng.reporters.JUnitReportReporter -->
<testsuite hostname="DESKTOP-KCBRL0P" failures="0" tests="1" name="com.daaz.testscripts.BROKER_BULK_BUYER" time="43.650" errors="0" timestamp="3 Apr 2024 11:09:21 GMT">
  <testcase classname="com.daaz.testscripts.BROKER_BULK_BUYER" name="BROKER_BULK_BUYER" time="43.650"/>
</testsuite> <!-- com.daaz.testscripts.BROKER_BULK_BUYER -->
